# JRE version: Java(TM) SE Runtime Environment (8.0_91-b14) (build 1.8.0_91-b14)
# Java VM: Java HotSpot(TM) 64-Bit Server VM (25.91-b14 mixed mode linux-amd64 compressed oops)
Heap:
 PSYoungGen      total 118272K, used 24251K [0x00000000e1800000, 0x00000000ec300000, 0x0000000100000000)
  eden space 115200K, 18% used [0x00000000e1800000,0x00000000e2cebc28,0x00000000e8880000)
  from space 3072K, 92% used [0x00000000ec000000,0x00000000ec2c3048,0x00000000ec300000)
  to   space 5632K, 0% used [0x00000000eb800000,0x00000000eb800000,0x00000000ebd80000)
 ParOldGen       total 62976K, used 5020K [0x00000000a4800000, 0x00000000a8580000, 0x00000000e1800000)
  object space 62976K, 7% used [0x00000000a4800000,0x00000000a4ce7280,0x00000000a8580000)
 Metaspace       used 13283K, capacity 13460K, committed 13696K, reserved 1060864K
  class space    used 1559K, capacity 1634K, committed 1664K, reserved 1048576K
GC Heap History (10 events):
Event: 19.932 GC heap before
{Heap before GC invocations=16 (full 0):
 PSYoungGen      total 144384K, used 143891K [0x00000000e1800000, 0x00000000ecd80000, 0x0000000100000000)
  eden space 141312K, 99% used [0x00000000e1800000,0x00000000ea1c1df8,0x00000000ea200000)
  from space 3072K, 92% used [0x00000000ec600000,0x00000000ec8c3048,0x00000000ec900000)
  to   space 4608K, 0% used [0x00000000ec900000,0x00000000ec900000,0x00000000ecd80000)
 ParOldGen       total 62976K, used 4940K [0x00000000a4800000, 0x00000000a8580000, 0x00000000e1800000)
  object space 62976K, 7% used [0x00000000a4800000,0x00000000a4cd3280,0x00000000a8580000)
 Metaspace       used 13101K, capacity 13268K, committed 13440K, reserved 1060864K
  class space    used 1554K, capacity 1634K, committed 1664K, reserved 1048576K
Event: 19.933 GC heap after
Heap after GC invocations=16 (full 0):
 PSYoungGen      total 138752K, used 2828K [0x00000000e1800000, 0x00000000ecc00000, 0x0000000100000000)
  eden space 135680K, 0% used [0x00000000e1800000,0x00000000e1800000,0x00000000e9c80000)
  from space 3072K, 92% used [0x00000000ec900000,0x00000000ecbc3048,0x00000000ecc00000)
  to   space 5120K, 0% used [0x00000000ec200000,0x00000000ec200000,0x00000000ec700000)
 ParOldGen       total 62976K, used 4964K [0x00000000a4800000, 0x00000000a8580000, 0x00000000e1800000)
  object space 62976K, 7% used [0x00000000a4800000,0x00000000a4cd9280,0x00000000a8580000)
 Metaspace       used 13101K, capacity 13268K, committed 13440K, reserved 1060864K
  class space    used 1554K, capacity 1634K, committed 1664K, reserved 1048576K
}
Event: 21.182 GC heap before
{Heap before GC invocations=17 (full 0):
 PSYoungGen      total 138752K, used 138084K [0x00000000e1800000, 0x00000000ecc00000, 0x0000000100000000)
  eden space 135680K, 99% used [0x00000000e1800000,0x00000000e9c16228,0x00000000e9c80000)
  from space 3072K, 92% used [0x00000000ec900000,0x00000000ecbc3048,0x00000000ecc00000)
  to   space 5120K, 0% used [0x00000000ec200000,0x00000000ec200000,0x00000000ec700000)
 ParOldGen       total 62976K, used 4964K [0x00000000a4800000, 0x00000000a8580000, 0x00000000e1800000)
  object space 62976K, 7% used [0x00000000a4800000,0x00000000a4cd9280,0x00000000a8580000)
 Metaspace       used 13111K, capacity 13268K, committed 13440K, reserved 1060864K
  class space    used 1554K, capacity 1634K, committed 1664K, reserved 1048576K
Event: 21.183 GC heap after
Heap after GC invocations=17 (full 0):
 PSYoungGen      total 130560K, used 128K [0x00000000e1800000, 0x00000000ec980000, 0x0000000100000000)
  eden space 130048K, 0% used [0x00000000e1800000,0x00000000e1800000,0x00000000e9700000)
  from space 512K, 25% used [0x00000000ec200000,0x00000000ec220000,0x00000000ec280000)
  to   space 5120K, 0% used [0x00000000ec480000,0x00000000ec480000,0x00000000ec980000)
 ParOldGen       total 62976K, used 4980K [0x00000000a4800000, 0x00000000a8580000, 0x00000000e1800000)
  object space 62976K, 7% used [0x00000000a4800000,0x00000000a4cdd280,0x00000000a8580000)
 Metaspace       used 13111K, capacity 13268K, committed 13440K, reserved 1060864K
  class space    used 1554K, capacity 1634K, committed 1664K, reserved 1048576K
}
Event: 22.332 GC heap before
{Heap before GC invocations=18 (full 0):
 PSYoungGen      total 130560K, used 129781K [0x00000000e1800000, 0x00000000ec980000, 0x0000000100000000)
  eden space 130048K, 99% used [0x00000000e1800000,0x00000000e969d530,0x00000000e9700000)
  from space 512K, 25% used [0x00000000ec200000,0x00000000ec220000,0x00000000ec280000)
  to   space 5120K, 0% used [0x00000000ec480000,0x00000000ec480000,0x00000000ec980000)
 ParOldGen       total 62976K, used 4980K [0x00000000a4800000, 0x00000000a8580000, 0x00000000e1800000)
  object space 62976K, 7% used [0x00000000a4800000,0x00000000a4cdd280,0x00000000a8580000)
 Metaspace       used 13171K, capacity 13332K, committed 13440K, reserved 1060864K
  class space    used 1554K, capacity 1634K, committed 1664K, reserved 1048576K
Event: 22.333 GC heap after
Heap after GC invocations=18 (full 0):
 PSYoungGen      total 128000K, used 2828K [0x00000000e1800000, 0x00000000ec780000, 0x0000000100000000)
  eden space 124928K, 0% used [0x00000000e1800000,0x00000000e1800000,0x00000000e9200000)
  from space 3072K, 92% used [0x00000000ec480000,0x00000000ec743048,0x00000000ec780000)
  to   space 5120K, 0% used [0x00000000ebd80000,0x00000000ebd80000,0x00000000ec280000)
 ParOldGen       total 62976K, used 4996K [0x00000000a4800000, 0x00000000a8580000, 0x00000000e1800000)
  object space 62976K, 7% used [0x00000000a4800000,0x00000000a4ce1280,0x00000000a8580000)
 Metaspace       used 13171K, capacity 13332K, committed 13440K, reserved 1060864K
  class space    used 1554K, capacity 1634K, committed 1664K, reserved 1048576K
}
Event: 23.478 GC heap before
{Heap before GC invocations=19 (full 0):
 PSYoungGen      total 128000K, used 126906K [0x00000000e1800000, 0x00000000ec780000, 0x0000000100000000)
  eden space 124928K, 99% used [0x00000000e1800000,0x00000000e912b8c0,0x00000000e9200000)
  from space 3072K, 92% used [0x00000000ec480000,0x00000000ec743048,0x00000000ec780000)
  to   space 5120K, 0% used [0x00000000ebd80000,0x00000000ebd80000,0x00000000ec280000)
 ParOldGen       total 62976K, used 4996K [0x00000000a4800000, 0x00000000a8580000, 0x00000000e1800000)
  object space 62976K, 7% used [0x00000000a4800000,0x00000000a4ce1280,0x00000000a8580000)
 Metaspace       used 13176K, capacity 13332K, committed 13440K, reserved 1060864K
  class space    used 1554K, capacity 1634K, committed 1664K, reserved 1048576K
Event: 23.479 GC heap after
Heap after GC invocations=19 (full 0):
 PSYoungGen      total 120320K, used 96K [0x00000000e1800000, 0x00000000ec500000, 0x0000000100000000)
  eden space 119808K, 0% used [0x00000000e1800000,0x00000000e1800000,0x00000000e8d00000)
  from space 512K, 18% used [0x00000000ebd80000,0x00000000ebd98000,0x00000000ebe00000)
  to   space 5120K, 0% used [0x00000000ec000000,0x00000000ec000000,0x00000000ec500000)
 ParOldGen       total 62976K, used 5012K [0x00000000a4800000, 0x00000000a8580000, 0x00000000e1800000)
  object space 62976K, 7% used [0x00000000a4800000,0x00000000a4ce5280,0x00000000a8580000)
 Metaspace       used 13176K, capacity 13332K, committed 13440K, reserved 1060864K
  class space    used 1554K, capacity 1634K, committed 1664K, reserved 1048576K
}
Event: 24.531 GC heap before
{Heap before GC invocations=20 (full 0):
 PSYoungGen      total 120320K, used 118969K [0x00000000e1800000, 0x00000000ec500000, 0x0000000100000000)
  eden space 119808K, 99% used [0x00000000e1800000,0x00000000e8c166f8,0x00000000e8d00000)
  from space 512K, 18% used [0x00000000ebd80000,0x00000000ebd98000,0x00000000ebe00000)
  to   space 5120K, 0% used [0x00000000ec000000,0x00000000ec000000,0x00000000ec500000)
 ParOldGen       total 62976K, used 5012K [0x00000000a4800000, 0x00000000a8580000, 0x00000000e1800000)
  object space 62976K, 7% used [0x00000000a4800000,0x00000000a4ce5280,0x00000000a8580000)
 Metaspace       used 13248K, capacity 13396K, committed 13696K, reserved 1060864K
  class space    used 1554K, capacity 1634K, committed 1664K, reserved 1048576K
Event: 24.533 GC heap after
Heap after GC invocations=20 (full 0):
 PSYoungGen      total 118272K, used 2828K [0x00000000e1800000, 0x00000000ec300000, 0x0000000100000000)
  eden space 115200K, 0% used [0x00000000e1800000,0x00000000e1800000,0x00000000e8880000)
  from space 3072K, 92% used [0x00000000ec000000,0x00000000ec2c3048,0x00000000ec300000)
  to   space 5632K, 0% used [0x00000000eb800000,0x00000000eb800000,0x00000000ebd80000)
 ParOldGen       total 62976K, used 5020K [0x00000000a4800000, 0x00000000a8580000, 0x00000000e1800000)
  object space 62976K, 7% used [0x00000000a4800000,0x00000000a4ce7280,0x00000000a8580000)
 Metaspace       used 13248K, capacity 13396K, committed 13696K, reserved 1060864K
  class space    used 1554K, capacity 1634K, committed 1664K, reserved 1048576K
}

